2017-05-20 18:59:54 [main] DEBUG simplenem12.parsers.SimpleNem12ParserImpl - Reached at start of file :: 100
2017-05-20 18:59:54 [main] DEBUG simplenem12.parsers.SimpleNem12ParserImpl - New Meter Read Block started :: 200
2017-05-20 18:59:54 [main] DEBUG simplenem12.parsers.SimpleNem12ParserImpl - New Meter Read record started :: 300
2017-05-20 18:59:54 [main] ERROR simplenem12.parsers.SimpleNem12ParserImpl - Record Type 100 read at line num # 3
2017-05-20 19:05:02 [main] DEBUG simplenem12.parsers.SimpleNem12ParserImpl - Reached at start of file :: 100
2017-05-20 19:05:02 [main] DEBUG simplenem12.parsers.SimpleNem12ParserImpl - New Meter Read Block started :: 200
2017-05-20 19:05:02 [main] DEBUG simplenem12.parsers.SimpleNem12ParserImpl - New Meter Read record started :: 300
2017-05-20 19:05:02 [main] DEBUG simplenem12.parsers.SimpleNem12ParserImpl - New Meter Read record started :: 300
2017-05-20 19:05:02 [main] DEBUG simplenem12.parsers.SimpleNem12ParserImpl - New Meter Read record started :: 300
2017-05-20 19:05:02 [main] DEBUG simplenem12.parsers.SimpleNem12ParserImpl - New Meter Read record started :: 300
2017-05-20 19:05:02 [main] DEBUG simplenem12.parsers.SimpleNem12ParserImpl - New Meter Read record started :: 300
2017-05-20 19:05:02 [main] DEBUG simplenem12.parsers.SimpleNem12ParserImpl - New Meter Read record started :: 300
2017-05-20 19:05:02 [main] DEBUG simplenem12.parsers.SimpleNem12ParserImpl - New Meter Read record started :: 300
2017-05-20 19:05:02 [main] DEBUG simplenem12.parsers.SimpleNem12ParserImpl - New Meter Read Block started :: 200
2017-05-20 19:05:02 [main] DEBUG simplenem12.parsers.SimpleNem12ParserImpl - New Meter Read record started :: 300
2017-05-20 19:05:02 [main] DEBUG simplenem12.parsers.SimpleNem12ParserImpl - New Meter Read record started :: 300
2017-05-20 19:05:02 [main] DEBUG simplenem12.parsers.SimpleNem12ParserImpl - New Meter Read record started :: 300
2017-05-20 19:05:02 [main] DEBUG simplenem12.parsers.SimpleNem12ParserImpl - New Meter Read record started :: 300
2017-05-20 19:05:02 [main] DEBUG simplenem12.parsers.SimpleNem12ParserImpl - New Meter Read record started :: 300
2017-05-20 19:05:02 [main] DEBUG simplenem12.parsers.SimpleNem12ParserImpl - New Meter Read record started :: 300
2017-05-20 19:05:02 [main] DEBUG simplenem12.parsers.SimpleNem12ParserImpl - Reached at end of file :: 900
2017-05-20 21:17:19 [main] DEBUG s.parsers.SimpleNem12ParserImpl - Reached at start of file :: 100
2017-05-20 21:17:19 [main] DEBUG s.parsers.SimpleNem12ParserImpl - New Meter Read Block started :: 200
2017-05-20 21:17:19 [main] DEBUG s.parsers.SimpleNem12ParserImpl - New Meter Read record started :: 300
2017-05-20 21:17:20 [main] DEBUG s.parsers.SimpleNem12ParserImpl - New Meter Read record started :: 300
2017-05-20 21:17:20 [main] DEBUG s.parsers.SimpleNem12ParserImpl - New Meter Read record started :: 300
2017-05-20 21:17:20 [main] DEBUG s.parsers.SimpleNem12ParserImpl - New Meter Read record started :: 300
2017-05-20 21:17:20 [main] DEBUG s.parsers.SimpleNem12ParserImpl - New Meter Read record started :: 300
2017-05-20 21:17:20 [main] DEBUG s.parsers.SimpleNem12ParserImpl - New Meter Read record started :: 300
2017-05-20 21:17:20 [main] DEBUG s.parsers.SimpleNem12ParserImpl - New Meter Read record started :: 300
2017-05-20 21:17:20 [main] DEBUG s.parsers.SimpleNem12ParserImpl - New Meter Read Block started :: 200
2017-05-20 21:17:20 [main] DEBUG s.parsers.SimpleNem12ParserImpl - New Meter Read record started :: 300
2017-05-20 21:17:20 [main] DEBUG s.parsers.SimpleNem12ParserImpl - New Meter Read record started :: 300
2017-05-20 21:17:20 [main] DEBUG s.parsers.SimpleNem12ParserImpl - New Meter Read record started :: 300
2017-05-20 21:17:20 [main] DEBUG s.parsers.SimpleNem12ParserImpl - New Meter Read record started :: 300
2017-05-20 21:17:20 [main] DEBUG s.parsers.SimpleNem12ParserImpl - New Meter Read record started :: 300
2017-05-20 21:17:20 [main] DEBUG s.parsers.SimpleNem12ParserImpl - New Meter Read record started :: 300
2017-05-20 21:17:20 [main] DEBUG s.parsers.SimpleNem12ParserImpl - Reached at end of file :: 900
2017-05-20 21:17:39 [main] DEBUG s.parsers.SimpleNem12ParserImpl - Reached at start of file :: 100
2017-05-20 21:17:39 [main] DEBUG s.parsers.SimpleNem12ParserImpl - New Meter Read Block started :: 200
2017-05-20 21:17:39 [main] DEBUG s.parsers.SimpleNem12ParserImpl - New Meter Read record started :: 300
2017-05-20 21:17:39 [main] DEBUG s.parsers.SimpleNem12ParserImpl - New Meter Read record started :: 300
2017-05-20 21:17:39 [main] DEBUG s.parsers.SimpleNem12ParserImpl - New Meter Read record started :: 300
2017-05-20 21:17:39 [main] DEBUG s.parsers.SimpleNem12ParserImpl - New Meter Read record started :: 300
2017-05-20 21:17:39 [main] DEBUG s.parsers.SimpleNem12ParserImpl - New Meter Read record started :: 300
2017-05-20 21:17:39 [main] DEBUG s.parsers.SimpleNem12ParserImpl - New Meter Read record started :: 300
2017-05-20 21:17:39 [main] DEBUG s.parsers.SimpleNem12ParserImpl - New Meter Read record started :: 300
2017-05-20 21:17:39 [main] DEBUG s.parsers.SimpleNem12ParserImpl - New Meter Read Block started :: 200
2017-05-20 21:17:39 [main] DEBUG s.parsers.SimpleNem12ParserImpl - New Meter Read record started :: 300
2017-05-20 21:17:39 [main] DEBUG s.parsers.SimpleNem12ParserImpl - New Meter Read record started :: 300
2017-05-20 21:17:39 [main] DEBUG s.parsers.SimpleNem12ParserImpl - New Meter Read record started :: 300
2017-05-20 21:17:39 [main] DEBUG s.parsers.SimpleNem12ParserImpl - New Meter Read record started :: 300
2017-05-20 21:17:39 [main] DEBUG s.parsers.SimpleNem12ParserImpl - New Meter Read record started :: 300
2017-05-20 21:17:39 [main] DEBUG s.parsers.SimpleNem12ParserImpl - New Meter Read record started :: 300
2017-05-20 21:17:39 [main] DEBUG s.parsers.SimpleNem12ParserImpl - Reached at end of file :: 900
2017-05-20 21:17:58 [main] DEBUG s.parsers.SimpleNem12ParserImpl - Reached at start of file :: 100
2017-05-20 21:17:58 [main] DEBUG s.parsers.SimpleNem12ParserImpl - New Meter Read Block started :: 200
2017-05-20 21:17:58 [main] DEBUG s.parsers.SimpleNem12ParserImpl - New Meter Read record started :: 300
2017-05-20 21:17:59 [main] DEBUG s.parsers.SimpleNem12ParserImpl - New Meter Read record started :: 300
2017-05-20 21:17:59 [main] DEBUG s.parsers.SimpleNem12ParserImpl - New Meter Read record started :: 300
2017-05-20 21:17:59 [main] DEBUG s.parsers.SimpleNem12ParserImpl - New Meter Read record started :: 300
2017-05-20 21:17:59 [main] DEBUG s.parsers.SimpleNem12ParserImpl - New Meter Read record started :: 300
2017-05-20 21:17:59 [main] DEBUG s.parsers.SimpleNem12ParserImpl - New Meter Read record started :: 300
2017-05-20 21:17:59 [main] DEBUG s.parsers.SimpleNem12ParserImpl - New Meter Read record started :: 300
2017-05-20 21:17:59 [main] DEBUG s.parsers.SimpleNem12ParserImpl - New Meter Read Block started :: 200
2017-05-20 21:17:59 [main] DEBUG s.parsers.SimpleNem12ParserImpl - New Meter Read record started :: 300
2017-05-20 21:17:59 [main] DEBUG s.parsers.SimpleNem12ParserImpl - New Meter Read record started :: 300
2017-05-20 21:17:59 [main] DEBUG s.parsers.SimpleNem12ParserImpl - New Meter Read record started :: 300
2017-05-20 21:17:59 [main] DEBUG s.parsers.SimpleNem12ParserImpl - New Meter Read record started :: 300
2017-05-20 21:17:59 [main] DEBUG s.parsers.SimpleNem12ParserImpl - New Meter Read record started :: 300
2017-05-20 21:17:59 [main] DEBUG s.parsers.SimpleNem12ParserImpl - New Meter Read record started :: 300
2017-05-20 21:17:59 [main] DEBUG s.parsers.SimpleNem12ParserImpl - Reached at end of file :: 900
2017-05-20 21:18:52 [main] DEBUG s.parsers.SimpleNem12ParserImpl - Reached at start of file :: 100
2017-05-20 21:19:43 [main] DEBUG s.parsers.SimpleNem12ParserImpl - New Meter Read Block started :: 200
2017-05-20 21:20:39 [main] DEBUG s.parsers.SimpleNem12ParserImpl - New Meter Read record started :: 300
2017-05-20 21:23:06 [main] DEBUG s.parsers.SimpleNem12ParserImpl - New Meter Read record started :: 300
2017-05-20 21:23:06 [main] DEBUG s.parsers.SimpleNem12ParserImpl - New Meter Read record started :: 300
2017-05-20 21:23:06 [main] DEBUG s.parsers.SimpleNem12ParserImpl - New Meter Read record started :: 300
2017-05-20 21:23:06 [main] DEBUG s.parsers.SimpleNem12ParserImpl - New Meter Read record started :: 300
2017-05-20 21:23:06 [main] DEBUG s.parsers.SimpleNem12ParserImpl - New Meter Read record started :: 300
2017-05-20 21:23:06 [main] DEBUG s.parsers.SimpleNem12ParserImpl - New Meter Read record started :: 300
2017-05-20 21:23:06 [main] DEBUG s.parsers.SimpleNem12ParserImpl - New Meter Read Block started :: 200
2017-05-20 21:23:06 [main] DEBUG s.parsers.SimpleNem12ParserImpl - New Meter Read record started :: 300
2017-05-20 21:23:06 [main] DEBUG s.parsers.SimpleNem12ParserImpl - New Meter Read record started :: 300
2017-05-20 21:23:06 [main] DEBUG s.parsers.SimpleNem12ParserImpl - New Meter Read record started :: 300
2017-05-20 21:23:06 [main] DEBUG s.parsers.SimpleNem12ParserImpl - New Meter Read record started :: 300
2017-05-20 21:23:06 [main] DEBUG s.parsers.SimpleNem12ParserImpl - New Meter Read record started :: 300
2017-05-20 21:23:06 [main] DEBUG s.parsers.SimpleNem12ParserImpl - New Meter Read record started :: 300
2017-05-20 21:23:06 [main] DEBUG s.parsers.SimpleNem12ParserImpl - Reached at end of file :: 900
2017-05-20 21:26:21 [main] DEBUG s.parsers.SimpleNem12ParserImpl - Reached at start of file :: 100
2017-05-20 21:26:21 [main] DEBUG s.parsers.SimpleNem12ParserImpl - New Meter Read Block started :: 6123456789
2017-05-20 21:26:21 [main] DEBUG s.parsers.SimpleNem12ParserImpl - New Meter Read record started :: 300
2017-05-20 21:26:21 [main] DEBUG s.parsers.SimpleNem12ParserImpl - New Meter Read record started :: 300
2017-05-20 21:26:21 [main] DEBUG s.parsers.SimpleNem12ParserImpl - New Meter Read record started :: 300
2017-05-20 21:26:21 [main] DEBUG s.parsers.SimpleNem12ParserImpl - New Meter Read record started :: 300
2017-05-20 21:26:21 [main] DEBUG s.parsers.SimpleNem12ParserImpl - New Meter Read record started :: 300
2017-05-20 21:26:21 [main] DEBUG s.parsers.SimpleNem12ParserImpl - New Meter Read record started :: 300
2017-05-20 21:26:21 [main] DEBUG s.parsers.SimpleNem12ParserImpl - New Meter Read record started :: 300
2017-05-20 21:26:21 [main] DEBUG s.parsers.SimpleNem12ParserImpl - New Meter Read Block started :: 6987654321
2017-05-20 21:26:21 [main] DEBUG s.parsers.SimpleNem12ParserImpl - New Meter Read record started :: 300
2017-05-20 21:26:21 [main] DEBUG s.parsers.SimpleNem12ParserImpl - New Meter Read record started :: 300
2017-05-20 21:26:21 [main] DEBUG s.parsers.SimpleNem12ParserImpl - New Meter Read record started :: 300
2017-05-20 21:26:21 [main] DEBUG s.parsers.SimpleNem12ParserImpl - New Meter Read record started :: 300
2017-05-20 21:26:21 [main] DEBUG s.parsers.SimpleNem12ParserImpl - New Meter Read record started :: 300
2017-05-20 21:26:21 [main] DEBUG s.parsers.SimpleNem12ParserImpl - New Meter Read record started :: 300
2017-05-20 21:26:21 [main] DEBUG s.parsers.SimpleNem12ParserImpl - Reached at end of file :: 900
